#
# A fatal error has been detected by the Java Runtime Environment:
#
#  SIGSEGV (0xb) at pc=0x00000001094f0a42, pid=63349, tid=36627
#
# JRE version: Java(TM) SE Runtime Environment (8.0_25-b17) (build 1.8.0_25-b17)
# Java VM: Java HotSpot(TM) 64-Bit Server VM (25.25-b02 mixed mode bsd-amd64 compressed oops)
# Problematic frame:
# J 15085 C1 com.android.tools.build.apkzlib.sign.SigningExtension.copyStreamToDataSink(Ljava/io/InputStream;Lcom/android/apksig/util/DataSink;)V (39 bytes) @ 0x00000001094f0a42 [0x00000001094f0640+0x402]
#
# Failed to write core dump. Core dumps have been disabled. To enable core dumping, try "ulimit -c unlimited" before starting Java again
#
# If you would like to submit a bug report, please visit:
#   http://bugreport.sun.com/bugreport/crash.jsp
#

---------------  T H R E A D  ---------------

Current thread (0x00007fbf6f5c4800):  JavaThread "ForkJoinPool.commonPool-worker-2" daemon [_thread_in_Java, id=36627, stack(0x0000700009131000,0x0000700009231000)]

siginfo: si_signo: 11 (SIGSEGV), si_code: 1 (SEGV_MAPERR), si_addr: 0x0000000000000198

Registers:
RAX=0x00000000ffffffff, RBX=0x000000011fa29850, RCX=0x0000000000000198, RDX=0x000000011f5a4580
RSP=0x000070000922fd88, RBP=0x000070000922fe80, RSI=0x00000007b6717de0, RDI=0x0000000000000000
R8 =0x00000000000008ec, R9 =0x0000000000000010, R10=0x0000000000000005, R11=0x00000007b6717db8
R12=0x0000000000000000, R13=0x00000001083103b4, R14=0x00000000ffffffff, R15=0x00007fbf6f5c4800
RIP=0x00000001094f0a42, EFLAGS=0x0000000000010202, ERR=0x0000000000000004
  TRAPNO=0x000000000000000e

Top of Stack: (sp=0x000070000922fd88)
0x000070000922fd88:   00000001094e4e2c 00000007f4150785
0x000070000922fd98:   00000007b5ffc8c0 0000000000000000
0x000070000922fda8:   000000011e986258 000070000922fdc0
0x000070000922fdb8:   000000010853e8bc 000070000922fe20
0x000070000922fdc8:   000000010746c710 00000007b641b518
0x000070000922fdd8:   00000007b6427ef0 00000007b642d8c8
0x000070000922fde8:   00000007b6717ca0 00000007b6717db8
0x000070000922fdf8:   000000010746c8b8 000070000922fe78
0x000070000922fe08:   000000010746c8b8 000070000922fe80
0x000070000922fe18:   000000010746c98d 00000007b641bcf8
0x000070000922fe28:   000000010746c98d 00000007b642d8c8
0x000070000922fe38:   00000007b641b518 000070000922fe40
0x000070000922fe48:   000000011f5611ba 000070000922fe98
0x000070000922fe58:   000000011f562eb0 0000000000000000
0x000070000922fe68:   000000011f5611e0 000070000922fe30
0x000070000922fe78:   000070000922fe90 000070000922fee0
0x000070000922fe88:   000000010746c98d 00000007b642d8c8
0x000070000922fe98:   00000007b641b518 000070000922fea0
0x000070000922fea8:   000000011f5626cd 000070000922fef8
0x000070000922feb8:   000000011f5744d0 0000000000000000
0x000070000922fec8:   000000011f5626f8 000070000922fe90
0x000070000922fed8:   000070000922fef0 000070000922ff40
0x000070000922fee8:   000000010746c98d 00000007b642d8c8
0x000070000922fef8:   00000007b641bcf8 000070000922ff00
0x000070000922ff08:   000000011f59d360 000070000922ff50
0x000070000922ff18:   000000011f59d428 0000000000000000
0x000070000922ff28:   000000011f59d368 000070000922fef0
0x000070000922ff38:   000070000922ff50 000070000922ff98
0x000070000922ff48:   000000010746c9d2 00000007b6717c50
0x000070000922ff58:   000070000922ff58 000000011f183ddd
0x000070000922ff68:   000070000922ffd0 000000011f1888d0
0x000070000922ff78:   0000000000000000 000000011f183e68 

Instructions: (pc=0x00000001094f0a42)
0x00000001094f0a22:   b9 a8 01 00 00 00 00 00 00 4c 8b 04 0a 4d 8d 40
0x00000001094f0a32:   01 4c 89 04 0a 0f 8f 0b fe ff ff 48 83 c4 50 5d
0x00000001094f0a42:   85 01 b8 d6 68 fb c3 48 89 7c 24 08 48 c7 04 24
0x00000001094f0a52:   ff ff ff ff e8 c5 2d 07 fe e9 48 fc ff ff e8 db 

Register to memory mapping:

RAX=0x00000000ffffffff is an unknown value
RBX=0x000000011fa29850 is pointing into metadata
RCX=0x0000000000000198 is an unknown value
RDX=0x000000011f5a4580 is pointing into metadata
RSP=0x000070000922fd88 is pointing into the stack for thread: 0x00007fbf6f5c4800
RBP=0x000070000922fe80 is pointing into the stack for thread: 0x00007fbf6f5c4800
RSI=0x00000007b6717de0 is an oop
com.google.common.io.MultiInputStream 
 - klass: 'com/google/common/io/MultiInputStream'
RDI=0x0000000000000000 is an unknown value
R8 =0x00000000000008ec is an unknown value
R9 =0x0000000000000010 is an unknown value
R10=0x0000000000000005 is an unknown value
R11=0x00000007b6717db8 is an oop
java.io.BufferedInputStream 
 - klass: 'java/io/BufferedInputStream'
R12=0x0000000000000000 is an unknown value
R13=0x00000001083103b4 is at entry_point+404 in (nmethod*)0x0000000108310090
R14=0x00000000ffffffff is an unknown value
R15=0x00007fbf6f5c4800 is a thread


Stack: [0x0000700009131000,0x0000700009231000],  sp=0x000070000922fd88,  free space=1019k
Native frames: (J=compiled Java code, j=interpreted, Vv=VM code, C=native code)
J 15085 C1 com.android.tools.build.apkzlib.sign.SigningExtension.copyStreamToDataSink(Ljava/io/InputStream;Lcom/android/apksig/util/DataSink;)V (39 bytes) @ 0x00000001094f0a42 [0x00000001094f0640+0x402]
C  0x00000007b642d8c8


---------------  P R O C E S S  ---------------

Java Threads: ( => current thread )
  0x00007fbf6c186000 JavaThread "pool-15-thread-1" [_thread_blocked, id=37399, stack(0x000070000902e000,0x000070000912e000)]
  0x00007fbf6dd3e000 JavaThread "stdout" daemon [_thread_in_native, id=25875, stack(0x000070000943a000,0x000070000953a000)]
  0x00007fbf6dd3c800 JavaThread "stderr" daemon [_thread_in_native, id=37907, stack(0x0000700009234000,0x0000700009334000)]
  0x00007fbf6f8e2000 JavaThread "process reaper" daemon [_thread_in_native, id=35091, stack(0x00007000061a1000,0x00007000061c9000)]
  0x00007fbf6c114000 JavaThread "pool-14-thread-1" [_thread_blocked, id=4491, stack(0x00007000073da000,0x00007000074da000)]
=>0x00007fbf6f5c4800 JavaThread "ForkJoinPool.commonPool-worker-2" daemon [_thread_in_Java, id=36627, stack(0x0000700009131000,0x0000700009231000)]
  0x00007fbf6d41b800 JavaThread "Cache worker for execution history cache (/Users/andyylam/Desktop/clique2/android/.gradle/5.1.1/executionHistory)" [_thread_blocked, id=26899, stack(0x0000700008f2b000,0x000070000902b000)]
  0x00007fbf6aff1800 JavaThread "Execution worker for ':' Thread 3" [_thread_blocked, id=24851, stack(0x0000700008d25000,0x0000700008e25000)]
  0x00007fbf6afca000 JavaThread "Execution worker for ':' Thread 2" [_thread_blocked, id=34323, stack(0x0000700008c22000,0x0000700008d22000)]
  0x00007fbf6f284800 JavaThread "Execution worker for ':'" [_thread_blocked, id=42519, stack(0x0000700008b1f000,0x0000700008c1f000)]
  0x00007fbf6ea6d800 JavaThread "Cache worker for file content cache (/Users/andyylam/Desktop/clique2/android/.gradle/5.1.1/fileContent)" [_thread_blocked, id=22035, stack(0x0000700008a1c000,0x0000700008b1c000)]
  0x00007fbf6dea4000 JavaThread "Cache worker for Build Output Cleanup Cache (/Users/andyylam/Desktop/clique2/android/.gradle/buildOutputCleanup)" [_thread_blocked, id=22803, stack(0x0000700008919000,0x0000700008a19000)]
  0x00007fbf6f05c000 JavaThread "Build operations Thread 4" [_thread_blocked, id=38931, stack(0x0000700008610000,0x0000700008710000)]
  0x00007fbf6fb36800 JavaThread "Build operations Thread 3" [_thread_blocked, id=42771, stack(0x000070000850d000,0x000070000860d000)]
  0x00007fbf6e908800 JavaThread "Build operations Thread 2" [_thread_blocked, id=24347, stack(0x000070000840a000,0x000070000850a000)]
  0x00007fbf6ba91000 JavaThread "Build operations" [_thread_blocked, id=16147, stack(0x0000700008307000,0x0000700008407000)]
  0x00007fbf6ea3e000 JavaThread "Cache worker for cache directory md-rule (/Users/andyylam/.gradle/caches/5.1.1/md-rule)" [_thread_blocked, id=27683, stack(0x0000700008204000,0x0000700008304000)]
  0x00007fbf6bb7d000 JavaThread "Cache worker for cache directory md-supplier (/Users/andyylam/.gradle/caches/5.1.1/md-supplier)" [_thread_blocked, id=40483, stack(0x0000700007ffe000,0x00007000080fe000)]
  0x00007fbf6f0e5800 JavaThread "Cache worker for file hash cache (/Users/andyylam/Desktop/clique2/android/.gradle/5.1.1/fileHashes)" [_thread_blocked, id=40235, stack(0x0000700007efb000,0x0000700007ffb000)]
  0x00007fbf6f989800 JavaThread "Thread-93" [_thread_blocked, id=43303, stack(0x0000700007df8000,0x0000700007ef8000)]
  0x00007fbf6f0c4800 JavaThread "Stdin handler" [_thread_blocked, id=40739, stack(0x00007000079ec000,0x0000700007aec000)]
  0x00007fbf6fb49800 JavaThread "Asynchronous log dispatcher for DefaultDaemonConnection: socket connection from /0:0:0:0:0:0:0:1:57480 to /0:0:0:0:0:0:0:1:59149" [_thread_blocked, id=26131, stack(0x00007000078e9000,0x00007000079e9000)]
  0x00007fbf6ca6f800 JavaThread "Daemon worker Thread 4" [_thread_blocked, id=37691, stack(0x00007000077e6000,0x00007000078e6000)]
  0x00007fbf6fb53000 JavaThread "Cancel handler" [_thread_blocked, id=33819, stack(0x00007000076e3000,0x00007000077e3000)]
  0x00007fbf69ef2800 JavaThread "Handler for socket connection from /0:0:0:0:0:0:0:1:57480 to /0:0:0:0:0:0:0:1:59149" [_thread_in_native, id=4103, stack(0x00007000075e0000,0x00007000076e0000)]
  0x00007fbf6df7d000 JavaThread "Daemon Thread 4" [_thread_blocked, id=19819, stack(0x00007000074dd000,0x00007000075dd000)]
  0x00007fbf6dfa9000 JavaThread "Device List Monitor" [_thread_in_native, id=28423, stack(0x0000700009337000,0x0000700009437000)]
  0x00007fbf6bc2a800 JavaThread "Monitor" [_thread_in_native, id=35859, stack(0x0000700008e28000,0x0000700008f28000)]
  0x00007fbf6ca80000 JavaThread "Cache worker for file content cache (/Users/andyylam/.gradle/caches/5.1.1/fileContent)" [_thread_blocked, id=25603, stack(0x0000700008816000,0x0000700008916000)]
  0x00007fbf6a067800 JavaThread "Memory manager" [_thread_blocked, id=38659, stack(0x0000700008713000,0x0000700008813000)]
  0x00007fbf6c57f000 JavaThread "Cache worker for execution history cache (/Users/andyylam/.gradle/caches/5.1.1/executionHistory)" [_thread_blocked, id=39939, stack(0x0000700008101000,0x0000700008201000)]
  0x00007fbf6a3a3000 JavaThread "Cache worker for journal cache (/Users/andyylam/.gradle/caches/journal-1)" [_thread_blocked, id=41475, stack(0x0000700007cf5000,0x0000700007df5000)]
  0x00007fbf69f1a000 JavaThread "File lock request listener" [_thread_in_native, id=23299, stack(0x0000700007bf2000,0x0000700007cf2000)]
  0x00007fbf69f04000 JavaThread "Cache worker for file hash cache (/Users/andyylam/.gradle/caches/5.1.1/fileHashes)" [_thread_blocked, id=23043, stack(0x0000700007aef000,0x0000700007bef000)]
  0x00007fbf6ab21000 JavaThread "Daemon periodic checks" [_thread_blocked, id=17155, stack(0x00007000072d7000,0x00007000073d7000)]
  0x00007fbf69ead800 JavaThread "Incoming local TCP Connector on port 57480" [_thread_in_native, id=15619, stack(0x00007000071d4000,0x00007000072d4000)]
  0x00007fbf6a366800 JavaThread "Daemon health stats" [_thread_blocked, id=17923, stack(0x00007000070d1000,0x00007000071d1000)]
  0x00007fbf6a827000 JavaThread "Service Thread" daemon [_thread_blocked, id=18179, stack(0x0000700006ecb000,0x0000700006fcb000)]
  0x00007fbf6981f000 JavaThread "C1 CompilerThread2" daemon [_thread_blocked, id=14595, stack(0x0000700006dc8000,0x0000700006ec8000)]
  0x00007fbf6a81b000 JavaThread "C2 CompilerThread1" daemon [_thread_in_native, id=14339, stack(0x0000700006cc5000,0x0000700006dc5000)]
  0x00007fbf6901f800 JavaThread "C2 CompilerThread0" daemon [_thread_in_native, id=13827, stack(0x0000700006bc2000,0x0000700006cc2000)]
  0x00007fbf6901e800 JavaThread "Signal Dispatcher" daemon [_thread_blocked, id=18947, stack(0x0000700006abf000,0x0000700006bbf000)]
  0x00007fbf6981d000 JavaThread "Finalizer" daemon [_thread_blocked, id=12035, stack(0x00007000069bc000,0x0000700006abc000)]
  0x00007fbf6981c000 JavaThread "Reference Handler" daemon [_thread_blocked, id=11779, stack(0x00007000068b9000,0x00007000069b9000)]
  0x00007fbf69002000 JavaThread "main" [_thread_blocked, id=6147, stack(0x00007000062a7000,0x00007000063a7000)]

Other Threads:
  0x00007fbf6a813000 VMThread [stack: 0x00007000067b6000,0x00007000068b6000] [id=11267]
  0x00007fbf6a022000 WatcherThread [stack: 0x0000700006fce000,0x00007000070ce000] [id=15107]

VM state:not at safepoint (normal execution)

VM Mutex/Monitor currently owned by a thread: None

Heap:
 PSYoungGen      total 119808K, used 50203K [0x00000007b5580000, 0x00000007c0000000, 0x00000007c0000000)
  eden space 66048K, 29% used [0x00000007b5580000,0x00000007b688e520,0x00000007b9600000)
  from space 53760K, 57% used [0x00000007bcb80000,0x00000007be978818,0x00000007c0000000)
  to   space 54272K, 0% used [0x00000007b9600000,0x00000007b9600000,0x00000007bcb00000)
 ParOldGen       total 254464K, used 172265K [0x00000007a0000000, 0x00000007af880000, 0x00000007b5580000)
  object space 254464K, 67% used [0x00000007a0000000,0x00000007aa83a7f8,0x00000007af880000)
 Metaspace       used 82512K, capacity 87344K, committed 87464K, reserved 1124352K
  class space    used 10981K, capacity 12103K, committed 12208K, reserved 1048576K

Card table byte_map: [0x00000001057c0000,0x00000001058c1000] byte_map_base: 0x0000000101ac0000

Marking Bits: (ParMarkBitMap*) 0x00000001044bd390
 Begin Bits: [0x000000010596c000, 0x000000010616c000)
 End Bits:   [0x000000010616c000, 0x000000010696c000)

Polling page: 0x0000000104b7e000

CodeCache: size=245760Kb used=42025Kb max_used=42050Kb free=203734Kb
 bounds [0x0000000107465000, 0x0000000109dc5000, 0x0000000116465000]
 total_blobs=15598 nmethods=14738 adapters=773
 compilation: enabled

Compilation events (10 events):
Event: 7963.348 Thread 0x00007fbf6981f000 19115       1       com.android.tools.build.apkzlib.zip.CentralDirectoryHeader::setOffset (6 bytes)
Event: 7963.348 Thread 0x00007fbf6981f000 nmethod 19115 0x0000000109dadb50 code [0x0000000109dadca0, 0x0000000109daddb0]
Event: 7963.349 Thread 0x00007fbf6981f000 19116       1       com.android.tools.build.apkzlib.zip.CentralDirectoryHeader::setCrc32 (6 bytes)
Event: 7963.350 Thread 0x00007fbf6981f000 nmethod 19116 0x0000000109dade10 code [0x0000000109dadf60, 0x0000000109dae070]
Event: 7963.352 Thread 0x00007fbf6981f000 19117       1       com.android.tools.build.apkzlib.zip.CentralDirectoryHeader::setExtraFieldNoNotify (6 bytes)
Event: 7963.352 Thread 0x00007fbf6981f000 nmethod 19117 0x0000000109dae0d0 code [0x0000000109dae220, 0x0000000109dae350]
Event: 7963.388 Thread 0x00007fbf6981f000 19119       3       sun.nio.cs.StreamDecoder::<init> (23 bytes)
Event: 7963.388 Thread 0x00007fbf6981f000 nmethod 19119 0x0000000109dae3d0 code [0x0000000109dae580, 0x0000000109daebd8]
Event: 7963.388 Thread 0x00007fbf6981f000 19118   !   3       sun.nio.cs.StreamDecoder::forInputStreamReader (48 bytes)
Event: 7963.390 Thread 0x00007fbf6981f000 nmethod 19118 0x0000000109daee10 code [0x0000000109daf040, 0x0000000109dafc08]

GC Heap History (10 events):
Event: 7958.322 GC heap before
{Heap before GC invocations=56 (full 4):
 PSYoungGen      total 119808K, used 94016K [0x00000007b5580000, 0x00000007bff00000, 0x00000007c0000000)
  eden space 72192K, 100% used [0x00000007b5580000,0x00000007b9c00000,0x00000007b9c00000)
  from space 47616K, 45% used [0x00000007b9c00000,0x00000007bb150178,0x00000007bca80000)
  to   space 46592K, 0% used [0x00000007bd180000,0x00000007bd180000,0x00000007bff00000)
 ParOldGen       total 254464K, used 172097K [0x00000007a0000000, 0x00000007af880000, 0x00000007b5580000)
  object space 254464K, 67% used [0x00000007a0000000,0x00000007aa8107f8,0x00000007af880000)
 Metaspace       used 82434K, capacity 87276K, committed 87464K, reserved 1124352K
  class space    used 10981K, capacity 12103K, committed 12208K, reserved 1048576K
Event: 7958.348 GC heap after
Heap after GC invocations=56 (full 4):
 PSYoungGen      total 125952K, used 24146K [0x00000007b5580000, 0x00000007bfe80000, 0x00000007c0000000)
  eden space 79872K, 0% used [0x00000007b5580000,0x00000007b5580000,0x00000007ba380000)
  from space 46080K, 52% used [0x00000007bd180000,0x00000007be914a18,0x00000007bfe80000)
  to   space 46592K, 0% used [0x00000007ba380000,0x00000007ba380000,0x00000007bd100000)
 ParOldGen       total 254464K, used 172129K [0x00000007a0000000, 0x00000007af880000, 0x00000007b5580000)
  object space 254464K, 67% used [0x00000007a0000000,0x00000007aa8187f8,0x00000007af880000)
 Metaspace       used 82434K, capacity 87276K, committed 87464K, reserved 1124352K
  class space    used 10981K, capacity 12103K, committed 12208K, reserved 1048576K
}
Event: 7959.169 GC heap before
{Heap before GC invocations=57 (full 4):
 PSYoungGen      total 125952K, used 104018K [0x00000007b5580000, 0x00000007bfe80000, 0x00000007c0000000)
  eden space 79872K, 100% used [0x00000007b5580000,0x00000007ba380000,0x00000007ba380000)
  from space 46080K, 52% used [0x00000007bd180000,0x00000007be914a18,0x00000007bfe80000)
  to   space 46592K, 0% used [0x00000007ba380000,0x00000007ba380000,0x00000007bd100000)
 ParOldGen       total 254464K, used 172129K [0x00000007a0000000, 0x00000007af880000, 0x00000007b5580000)
  object space 254464K, 67% used [0x00000007a0000000,0x00000007aa8187f8,0x00000007af880000)
 Metaspace       used 82457K, capacity 87280K, committed 87464K, reserved 1124352K
  class space    used 10981K, capacity 12103K, committed 12208K, reserved 1048576K
Event: 7959.207 GC heap after
Heap after GC invocations=57 (full 4):
 PSYoungGen      total 117248K, used 37239K [0x00000007b5580000, 0x00000007c0000000, 0x00000007c0000000)
  eden space 79872K, 0% used [0x00000007b5580000,0x00000007b5580000,0x00000007ba380000)
  from space 37376K, 99% used [0x00000007ba380000,0x00000007bc7ddc78,0x00000007bc800000)
  to   space 51200K, 0% used [0x00000007bce00000,0x00000007bce00000,0x00000007c0000000)
 ParOldGen       total 254464K, used 172129K [0x00000007a0000000, 0x00000007af880000, 0x00000007b5580000)
  object space 254464K, 67% used [0x00000007a0000000,0x00000007aa8187f8,0x00000007af880000)
 Metaspace       used 82457K, capacity 87280K, committed 87464K, reserved 1124352K
  class space    used 10981K, capacity 12103K, committed 12208K, reserved 1048576K
}
Event: 7961.205 GC heap before
{Heap before GC invocations=58 (full 4):
 PSYoungGen      total 117248K, used 117111K [0x00000007b5580000, 0x00000007c0000000, 0x00000007c0000000)
  eden space 79872K, 100% used [0x00000007b5580000,0x00000007ba380000,0x00000007ba380000)
  from space 37376K, 99% used [0x00000007ba380000,0x00000007bc7ddc78,0x00000007bc800000)
  to   space 51200K, 0% used [0x00000007bce00000,0x00000007bce00000,0x00000007c0000000)
 ParOldGen       total 254464K, used 172129K [0x00000007a0000000, 0x00000007af880000, 0x00000007b5580000)
  object space 254464K, 67% used [0x00000007a0000000,0x00000007aa8187f8,0x00000007af880000)
 Metaspace       used 82471K, capacity 87280K, committed 87464K, reserved 1124352K
  class space    used 10981K, capacity 12103K, committed 12208K, reserved 1048576K
Event: 7961.250 GC heap after
Heap after GC invocations=58 (full 4):
 PSYoungGen      total 119296K, used 34195K [0x00000007b5580000, 0x00000007c0000000, 0x00000007c0000000)
  eden space 68096K, 0% used [0x00000007b5580000,0x00000007b5580000,0x00000007b9800000)
  from space 51200K, 66% used [0x00000007bce00000,0x00000007bef64c88,0x00000007c0000000)
  to   space 53248K, 0% used [0x00000007b9800000,0x00000007b9800000,0x00000007bcc00000)
 ParOldGen       total 254464K, used 172201K [0x00000007a0000000, 0x00000007af880000, 0x00000007b5580000)
  object space 254464K, 67% used [0x00000007a0000000,0x00000007aa82a7f8,0x00000007af880000)
 Metaspace       used 82471K, capacity 87280K, committed 87464K, reserved 1124352K
  class space    used 10981K, capacity 12103K, committed 12208K, reserved 1048576K
}
Event: 7962.411 GC heap before
{Heap before GC invocations=59 (full 4):
 PSYoungGen      total 119296K, used 102291K [0x00000007b5580000, 0x00000007c0000000, 0x00000007c0000000)
  eden space 68096K, 100% used [0x00000007b5580000,0x00000007b9800000,0x00000007b9800000)
  from space 51200K, 66% used [0x00000007bce00000,0x00000007bef64c88,0x00000007c0000000)
  to   space 53248K, 0% used [0x00000007b9800000,0x00000007b9800000,0x00000007bcc00000)
 ParOldGen       total 254464K, used 172201K [0x00000007a0000000, 0x00000007af880000, 0x00000007b5580000)
  object space 254464K, 67% used [0x00000007a0000000,0x00000007aa82a7f8,0x00000007af880000)
 Metaspace       used 82485K, capacity 87344K, committed 87464K, reserved 1124352K
  class space    used 10981K, capacity 12103K, committed 12208K, reserved 1048576K
Event: 7962.451 GC heap after
Heap after GC invocations=59 (full 4):
 PSYoungGen      total 99328K, used 30734K [0x00000007b5580000, 0x00000007c0000000, 0x00000007c0000000)
  eden space 68096K, 0% used [0x00000007b5580000,0x00000007b5580000,0x00000007b9800000)
  from space 31232K, 98% used [0x00000007b9800000,0x00000007bb6039f8,0x00000007bb680000)
  to   space 53760K, 0% used [0x00000007bcb80000,0x00000007bcb80000,0x00000007c0000000)
 ParOldGen       total 254464K, used 172241K [0x00000007a0000000, 0x00000007af880000, 0x00000007b5580000)
  object space 254464K, 67% used [0x00000007a0000000,0x00000007aa8347f8,0x00000007af880000)
 Metaspace       used 82485K, capacity 87344K, committed 87464K, reserved 1124352K
  class space    used 10981K, capacity 12103K, committed 12208K, reserved 1048576K
}
Event: 7963.216 GC heap before
{Heap before GC invocations=60 (full 4):
 PSYoungGen      total 99328K, used 98830K [0x00000007b5580000, 0x00000007c0000000, 0x00000007c0000000)
  eden space 68096K, 100% used [0x00000007b5580000,0x00000007b9800000,0x00000007b9800000)
  from space 31232K, 98% used [0x00000007b9800000,0x00000007bb6039f8,0x00000007bb680000)
  to   space 53760K, 0% used [0x00000007bcb80000,0x00000007bcb80000,0x00000007c0000000)
 ParOldGen       total 254464K, used 172241K [0x00000007a0000000, 0x00000007af880000, 0x00000007b5580000)
  object space 254464K, 67% used [0x00000007a0000000,0x00000007aa8347f8,0x00000007af880000)
 Metaspace       used 82508K, capacity 87344K, committed 87464K, reserved 1124352K
  class space    used 10981K, capacity 12103K, committed 12208K, reserved 1048576K
Event: 7963.246 GC heap after
Heap after GC invocations=60 (full 4):
 PSYoungGen      total 119808K, used 30690K [0x00000007b5580000, 0x00000007c0000000, 0x00000007c0000000)
  eden space 66048K, 0% used [0x00000007b5580000,0x00000007b5580000,0x00000007b9600000)
  from space 53760K, 57% used [0x00000007bcb80000,0x00000007be978818,0x00000007c0000000)
  to   space 54272K, 0% used [0x00000007b9600000,0x00000007b9600000,0x00000007bcb00000)
 ParOldGen       total 254464K, used 172265K [0x00000007a0000000, 0x00000007af880000, 0x00000007b5580000)
  object space 254464K, 67% used [0x00000007a0000000,0x00000007aa83a7f8,0x00000007af880000)
 Metaspace       used 82508K, capacity 87344K, committed 87464K, reserved 1124352K
  class space    used 10981K, capacity 12103K, committed 12208K, reserved 1048576K
}

Deoptimization events (10 events):
Event: 2646.761 Thread 0x00007fbf6a4de800 Uncommon trap: reason=predicate action=maybe_recompile pc=0x00000001086dc7c4 method=com.google.common.collect.Lists.indexOfRandomAccess(Ljava/util/List;Ljava/lang/Object;)I @ 46
Event: 2646.761 Thread 0x00007fbf6a4de800 Uncommon trap: reason=predicate action=maybe_recompile pc=0x0000000108d053a0 method=com.google.common.collect.Lists.indexOfRandomAccess(Ljava/util/List;Ljava/lang/Object;)I @ 46
Event: 2648.376 Thread 0x00007fbf6d41b800 Uncommon trap: reason=speculate_class_check action=maybe_recompile pc=0x000000010915b240 method=java.lang.StringCoding.encode(Ljava/nio/charset/Charset;[CII)[B @ 91
Event: 2648.378 Thread 0x00007fbf6d41b800 Uncommon trap: reason=unloaded action=reinterpret pc=0x0000000108f1ddd0 method=java.io.FileDescriptor.attach(Ljava/io/Closeable;)V @ 23
Event: 2648.653 Thread 0x00007fbf6d41b800 Uncommon trap: reason=speculate_class_check action=maybe_recompile pc=0x000000010915b240 method=java.lang.StringCoding.encode(Ljava/nio/charset/Charset;[CII)[B @ 91
Event: 2663.458 Thread 0x00007fbf6ba93000 Uncommon trap: reason=class_check action=maybe_recompile pc=0x00000001090127a8 method=java.util.concurrent.FutureTask.run()V @ 42
Event: 2663.479 Thread 0x00007fbf6c9a4800 Uncommon trap: reason=unreached action=reinterpret pc=0x0000000108ea4c84 method=java.lang.ref.SoftReference.get()Ljava/lang/Object; @ 6
Event: 7955.319 Thread 0x00007fbf6f284800 Uncommon trap: reason=speculate_class_check action=maybe_recompile pc=0x000000010915b240 method=java.lang.StringCoding.encode(Ljava/nio/charset/Charset;[CII)[B @ 91
Event: 7955.650 Thread 0x00007fbf6f284800 Uncommon trap: reason=class_check action=maybe_recompile pc=0x0000000108fac60c method=java.lang.StringCoding.encode(Ljava/nio/charset/Charset;[CII)[B @ 1
Event: 7958.212 Thread 0x00007fbf6ca6f800 Uncommon trap: reason=null_check action=make_not_entrant pc=0x0000000109bd4f60 method=org.gradle.api.internal.tasks.properties.bean.AbstractNestedRuntimeBeanNode$DefaultPropertyValue.maybeFinalizeValue()V @ 9

Internal exceptions (10 events):
Event: 7953.802 Thread 0x00007fbf6ca6f800 Exception <a 'sun/nio/fs/UnixException'> (0x00000007b6dbadd8) thrown at [/HUDSON3/workspace/8-2-build-macosx-x86_64/jdk8u25/1514/hotspot/src/share/vm/prims/jni.cpp, line 716]
Event: 7953.802 Thread 0x00007fbf6ca6f800 Exception <a 'sun/nio/fs/UnixException'> (0x00000007b6dbc198) thrown at [/HUDSON3/workspace/8-2-build-macosx-x86_64/jdk8u25/1514/hotspot/src/share/vm/prims/jni.cpp, line 716]
Event: 7953.803 Thread 0x00007fbf6ca6f800 Exception <a 'sun/nio/fs/UnixException'> (0x00000007b6dbdbd8) thrown at [/HUDSON3/workspace/8-2-build-macosx-x86_64/jdk8u25/1514/hotspot/src/share/vm/prims/jni.cpp, line 716]
Event: 7953.803 Thread 0x00007fbf6ca6f800 Exception <a 'sun/nio/fs/UnixException'> (0x00000007b6dbefa8) thrown at [/HUDSON3/workspace/8-2-build-macosx-x86_64/jdk8u25/1514/hotspot/src/share/vm/prims/jni.cpp, line 716]
Event: 7953.804 Thread 0x00007fbf6ca6f800 Exception <a 'sun/nio/fs/UnixException'> (0x00000007b6dc1790) thrown at [/HUDSON3/workspace/8-2-build-macosx-x86_64/jdk8u25/1514/hotspot/src/share/vm/prims/jni.cpp, line 716]
Event: 7953.804 Thread 0x00007fbf6ca6f800 Exception <a 'sun/nio/fs/UnixException'> (0x00000007b6dc2b90) thrown at [/HUDSON3/workspace/8-2-build-macosx-x86_64/jdk8u25/1514/hotspot/src/share/vm/prims/jni.cpp, line 716]
Event: 7956.482 Thread 0x00007fbf6f284800 Exception <a 'java/security/PrivilegedActionException'> (0x00000007b5d7df90) thrown at [/HUDSON3/workspace/8-2-build-macosx-x86_64/jdk8u25/1514/hotspot/src/share/vm/prims/jvm.cpp, line 1312]
Event: 7956.482 Thread 0x00007fbf6f284800 Exception <a 'java/security/PrivilegedActionException'> (0x00000007b5d7ed80) thrown at [/HUDSON3/workspace/8-2-build-macosx-x86_64/jdk8u25/1514/hotspot/src/share/vm/prims/jvm.cpp, line 1312]
Event: 7956.482 Thread 0x00007fbf6f284800 Exception <a 'java/security/PrivilegedActionException'> (0x00000007b5d86c18) thrown at [/HUDSON3/workspace/8-2-build-macosx-x86_64/jdk8u25/1514/hotspot/src/share/vm/prims/jvm.cpp, line 1312]
Event: 7963.399 Thread 0x00007fbf6f5c4800 Implicit null exception at 0x00000001094f0a42 to 0x0000000000000000

Events (10 events):
Event: 7963.389 Executing VM operation: RevokeBias
Event: 7963.389 Executing VM operation: RevokeBias done
Event: 7963.390 Executing VM operation: RevokeBias
Event: 7963.390 Executing VM operation: RevokeBias done
Event: 7963.390 Executing VM operation: RevokeBias
Event: 7963.390 Executing VM operation: RevokeBias done
Event: 7963.390 Executing VM operation: RevokeBias
Event: 7963.390 Executing VM operation: RevokeBias done
Event: 7963.390 Executing VM operation: RevokeBias
Event: 7963.390 Executing VM operation: RevokeBias done


Dynamic libraries:
0x000000000d3fd000 	/System/Library/Frameworks/Cocoa.framework/Versions/A/Cocoa
0x000000000d3fd000 	/System/Library/Frameworks/Security.framework/Versions/A/Security
0x000000000d3fd000 	/System/Library/Frameworks/ApplicationServices.framework/Versions/A/ApplicationServices
0x000000000d3fd000 	/usr/lib/libz.1.dylib
0x000000000d3fd000 	/usr/lib/libSystem.B.dylib
0x000000000d3fd000 	/usr/lib/libobjc.A.dylib
0x000000000d3fd000 	/System/Library/Frameworks/CoreFoundation.framework/Versions/A/CoreFoundation
0x000000000d3fd000 	/System/Library/Frameworks/Foundation.framework/Versions/C/Foundation
0x000000000d3fd000 	/System/Library/Frameworks/AppKit.framework/Versions/C/AppKit
0x000000000d3fd000 	/System/Library/Frameworks/CoreData.framework/Versions/A/CoreData
0x000000000d3fd000 	/System/Library/PrivateFrameworks/RemoteViewServices.framework/Versions/A/RemoteViewServices
0x000000000d3fd000 	/System/Library/PrivateFrameworks/UIFoundation.framework/Versions/A/UIFoundation
0x000000000d3fd000 	/System/Library/PrivateFrameworks/XCTTargetBootstrap.framework/Versions/A/XCTTargetBootstrap
0x000000000d3fd000 	/System/Library/Frameworks/CoreDisplay.framework/Versions/A/CoreDisplay
0x000000000d3fd000 	/System/Library/PrivateFrameworks/IconServices.framework/Versions/A/IconServices
0x000000000d3fd000 	/System/Library/Frameworks/Metal.framework/Versions/A/Metal
0x000000000d3fd000 	/System/Library/PrivateFrameworks/DesktopServicesPriv.framework/Versions/A/DesktopServicesPriv
0x000000000d3fd000 	/usr/lib/libenergytrace.dylib
0x000000000d3fd000 	/System/Library/PrivateFrameworks/SkyLight.framework/Versions/A/SkyLight
0x000000000d3fd000 	/System/Library/Frameworks/CoreGraphics.framework/Versions/A/CoreGraphics
0x000000000d3fd000 	/System/Library/Frameworks/Accelerate.framework/Versions/A/Accelerate
0x000000000d3fd000 	/System/Library/Frameworks/IOSurface.framework/Versions/A/IOSurface
0x000000000d3fd000 	/System/Library/PrivateFrameworks/DFRFoundation.framework/Versions/A/DFRFoundation
0x000000000d3fd000 	/System/Library/Frameworks/AudioToolbox.framework/Versions/A/AudioToolbox
0x000000000d3fd000 	/System/Library/Frameworks/AudioUnit.framework/Versions/A/AudioUnit
0x000000000d3fd000 	/System/Library/PrivateFrameworks/DataDetectorsCore.framework/Versions/A/DataDetectorsCore
0x000000000d3fd000 	/System/Library/Frameworks/Carbon.framework/Versions/A/Frameworks/HIToolbox.framework/Versions/A/HIToolbox
0x000000000d3fd000 	/usr/lib/libicucore.A.dylib
0x000000000d3fd000 	/System/Library/Frameworks/QuartzCore.framework/Versions/A/QuartzCore
0x000000000d3fd000 	/System/Library/Frameworks/Carbon.framework/Versions/A/Frameworks/SpeechRecognition.framework/Versions/A/SpeechRecognition
0x000000000d3fd000 	/usr/lib/libauto.dylib
0x000000000d3fd000 	/usr/lib/libxml2.2.dylib
0x000000000d3fd000 	/System/Library/PrivateFrameworks/CoreUI.framework/Versions/A/CoreUI
0x000000000d3fd000 	/System/Library/Frameworks/CoreAudio.framework/Versions/A/CoreAudio
0x000000000d3fd000 	/System/Library/Frameworks/DiskArbitration.framework/Versions/A/DiskArbitration
0x000000000d3fd000 	/usr/lib/liblangid.dylib
0x000000000d3fd000 	/System/Library/PrivateFrameworks/MultitouchSupport.framework/Versions/A/MultitouchSupport
0x000000000d3fd000 	/System/Library/Frameworks/IOKit.framework/Versions/A/IOKit
0x000000000d3fd000 	/usr/lib/libDiagnosticMessagesClient.dylib
0x000000000d3fd000 	/System/Library/Frameworks/CoreServices.framework/Versions/A/CoreServices
0x000000000d3fd000 	/System/Library/PrivateFrameworks/PerformanceAnalysis.framework/Versions/A/PerformanceAnalysis
0x000000000d3fd000 	/System/Library/Frameworks/OpenGL.framework/Versions/A/OpenGL
0x000000000d3fd000 	/System/Library/Frameworks/ColorSync.framework/Versions/A/ColorSync
0x000000000d3fd000 	/System/Library/Frameworks/CoreImage.framework/Versions/A/CoreImage
0x000000000d3fd000 	/System/Library/Frameworks/CoreText.framework/Versions/A/CoreText
0x000000000d3fd000 	/System/Library/Frameworks/ImageIO.framework/Versions/A/ImageIO
0x000000000d3fd000 	/System/Library/PrivateFrameworks/Backup.framework/Versions/A/Backup
0x000000000d3fd000 	/usr/lib/libarchive.2.dylib
0x000000000d3fd000 	/System/Library/Frameworks/CFNetwork.framework/Versions/A/CFNetwork
0x000000000d3fd000 	/System/Library/Frameworks/SystemConfiguration.framework/Versions/A/SystemConfiguration
0x000000000d3fd000 	/usr/lib/libCRFSuite.dylib
0x000000000d3fd000 	/usr/lib/libc++.1.dylib
0x000000000d3fd000 	/usr/lib/libc++abi.dylib
0x000000000d3fd000 	/usr/lib/system/libcache.dylib
0x000000000d3fd000 	/usr/lib/system/libcommonCrypto.dylib
0x000000000d3fd000 	/usr/lib/system/libcompiler_rt.dylib
0x000000000d3fd000 	/usr/lib/system/libcopyfile.dylib
0x000000000d3fd000 	/usr/lib/system/libcorecrypto.dylib
0x000000000d3fd000 	/usr/lib/system/libdispatch.dylib
0x000000000d3fd000 	/usr/lib/system/libdyld.dylib
0x000000000d3fd000 	/usr/lib/system/libkeymgr.dylib
0x000000000d3fd000 	/usr/lib/system/liblaunch.dylib
0x000000000d3fd000 	/usr/lib/system/libmacho.dylib
0x000000000d3fd000 	/usr/lib/system/libquarantine.dylib
0x000000000d3fd000 	/usr/lib/system/libremovefile.dylib
0x000000000d3fd000 	/usr/lib/system/libsystem_asl.dylib
0x000000000d3fd000 	/usr/lib/system/libsystem_blocks.dylib
0x000000000d3fd000 	/usr/lib/system/libsystem_c.dylib
0x000000000d3fd000 	/usr/lib/system/libsystem_configuration.dylib
0x000000000d3fd000 	/usr/lib/system/libsystem_coreservices.dylib
0x000000000d3fd000 	/usr/lib/system/libsystem_darwin.dylib
0x000000000d3fd000 	/usr/lib/system/libsystem_dnssd.dylib
0x000000000d3fd000 	/usr/lib/system/libsystem_info.dylib
0x000000000d3fd000 	/usr/lib/system/libsystem_m.dylib
0x000000000d3fd000 	/usr/lib/system/libsystem_malloc.dylib
0x000000000d3fd000 	/usr/lib/system/libsystem_networkextension.dylib
0x000000000d3fd000 	/usr/lib/system/libsystem_notify.dylib
0x000000000d3fd000 	/usr/lib/system/libsystem_sandbox.dylib
0x000000000d3fd000 	/usr/lib/system/libsystem_secinit.dylib
0x000000000d3fd000 	/usr/lib/system/libsystem_kernel.dylib
0x000000000d3fd000 	/usr/lib/system/libsystem_platform.dylib
0x000000000d3fd000 	/usr/lib/system/libsystem_pthread.dylib
0x000000000d3fd000 	/usr/lib/system/libsystem_symptoms.dylib
0x000000000d3fd000 	/usr/lib/system/libsystem_trace.dylib
0x000000000d3fd000 	/usr/lib/system/libunwind.dylib
0x000000000d3fd000 	/usr/lib/system/libxpc.dylib
0x000000000d3fd000 	/usr/lib/libbsm.0.dylib
0x000000000d3fd000 	/usr/lib/system/libkxld.dylib
0x000000000d3fd000 	/System/Library/PrivateFrameworks/AppleFSCompression.framework/Versions/A/AppleFSCompression
0x000000000d3fd000 	/usr/lib/libOpenScriptingUtil.dylib
0x000000000d3fd000 	/usr/lib/libcoretls.dylib
0x000000000d3fd000 	/usr/lib/libcoretls_cfhelpers.dylib
0x000000000d3fd000 	/usr/lib/libpam.2.dylib
0x000000000d3fd000 	/usr/lib/libsqlite3.dylib
0x000000000d3fd000 	/usr/lib/libxar.1.dylib
0x000000000d3fd000 	/usr/lib/libbz2.1.0.dylib
0x000000000d3fd000 	/usr/lib/liblzma.5.dylib
0x000000000d3fd000 	/usr/lib/libnetwork.dylib
0x000000000d3fd000 	/usr/lib/libapple_nghttp2.dylib
0x000000000d3fd000 	/usr/lib/libpcap.A.dylib
0x000000000d3fd000 	/System/Library/Frameworks/CoreServices.framework/Versions/A/Frameworks/FSEvents.framework/Versions/A/FSEvents
0x000000000d3fd000 	/System/Library/Frameworks/CoreServices.framework/Versions/A/Frameworks/CarbonCore.framework/Versions/A/CarbonCore
0x000000000d3fd000 	/System/Library/Frameworks/CoreServices.framework/Versions/A/Frameworks/Metadata.framework/Versions/A/Metadata
0x000000000d3fd000 	/System/Library/Frameworks/CoreServices.framework/Versions/A/Frameworks/OSServices.framework/Versions/A/OSServices
0x000000000d3fd000 	/System/Library/Frameworks/CoreServices.framework/Versions/A/Frameworks/SearchKit.framework/Versions/A/SearchKit
0x000000000d3fd000 	/System/Library/Frameworks/CoreServices.framework/Versions/A/Frameworks/AE.framework/Versions/A/AE
0x000000000d3fd000 	/System/Library/Frameworks/CoreServices.framework/Versions/A/Frameworks/LaunchServices.framework/Versions/A/LaunchServices
0x000000000d3fd000 	/System/Library/Frameworks/CoreServices.framework/Versions/A/Frameworks/DictionaryServices.framework/Versions/A/DictionaryServices
0x000000000d3fd000 	/System/Library/Frameworks/CoreServices.framework/Versions/A/Frameworks/SharedFileList.framework/Versions/A/SharedFileList
0x000000000d3fd000 	/System/Library/Frameworks/NetFS.framework/Versions/A/NetFS
0x000000000d3fd000 	/System/Library/PrivateFrameworks/NetAuth.framework/Versions/A/NetAuth
0x000000000d3fd000 	/System/Library/PrivateFrameworks/login.framework/Versions/A/Frameworks/loginsupport.framework/Versions/A/loginsupport
0x000000000d3fd000 	/System/Library/PrivateFrameworks/TCC.framework/Versions/A/TCC
0x000000000d3fd000 	/System/Library/PrivateFrameworks/CoreNLP.framework/Versions/A/CoreNLP
0x000000000d3fd000 	/System/Library/PrivateFrameworks/MetadataUtilities.framework/Versions/A/MetadataUtilities
0x000000000d3fd000 	/usr/lib/libmecabra.dylib
0x000000000d3fd000 	/System/Library/Frameworks/ApplicationServices.framework/Versions/A/Frameworks/ATS.framework/Versions/A/ATS
0x000000000d3fd000 	/System/Library/Frameworks/ApplicationServices.framework/Versions/A/Frameworks/ColorSyncLegacy.framework/Versions/A/ColorSyncLegacy
0x000000000d3fd000 	/System/Library/Frameworks/ApplicationServices.framework/Versions/A/Frameworks/HIServices.framework/Versions/A/HIServices
0x000000000d3fd000 	/System/Library/Frameworks/ApplicationServices.framework/Versions/A/Frameworks/LangAnalysis.framework/Versions/A/LangAnalysis
0x000000000d3fd000 	/System/Library/Frameworks/ApplicationServices.framework/Versions/A/Frameworks/PrintCore.framework/Versions/A/PrintCore
0x000000000d3fd000 	/System/Library/Frameworks/ApplicationServices.framework/Versions/A/Frameworks/QD.framework/Versions/A/QD
0x000000000d3fd000 	/System/Library/Frameworks/ApplicationServices.framework/Versions/A/Frameworks/SpeechSynthesis.framework/Versions/A/SpeechSynthesis
0x000000000d3fd000 	/usr/lib/libcompression.dylib
0x000000000d3fd000 	/System/Library/Frameworks/MetalPerformanceShaders.framework/Versions/A/MetalPerformanceShaders
0x000000000d3fd000 	/System/Library/Frameworks/Accelerate.framework/Versions/A/Frameworks/vImage.framework/Versions/A/vImage
0x000000000d3fd000 	/System/Library/Frameworks/Accelerate.framework/Versions/A/Frameworks/vecLib.framework/Versions/A/vecLib
0x000000000d3fd000 	/System/Library/Frameworks/Accelerate.framework/Versions/A/Frameworks/vecLib.framework/Versions/A/libvMisc.dylib
0x000000000d3fd000 	/System/Library/Frameworks/Accelerate.framework/Versions/A/Frameworks/vecLib.framework/Versions/A/libvDSP.dylib
0x000000000d3fd000 	/System/Library/Frameworks/Accelerate.framework/Versions/A/Frameworks/vecLib.framework/Versions/A/libBLAS.dylib
0x000000000d3fd000 	/System/Library/Frameworks/Accelerate.framework/Versions/A/Frameworks/vecLib.framework/Versions/A/libLAPACK.dylib
0x000000000d3fd000 	/System/Library/Frameworks/Accelerate.framework/Versions/A/Frameworks/vecLib.framework/Versions/A/libLinearAlgebra.dylib
0x000000000d3fd000 	/System/Library/Frameworks/Accelerate.framework/Versions/A/Frameworks/vecLib.framework/Versions/A/libSparseBLAS.dylib
0x000000000d3fd000 	/System/Library/Frameworks/Accelerate.framework/Versions/A/Frameworks/vecLib.framework/Versions/A/libQuadrature.dylib
0x000000000d3fd000 	/System/Library/Frameworks/Accelerate.framework/Versions/A/Frameworks/vecLib.framework/Versions/A/libBNNS.dylib
0x000000000d3fd000 	/System/Library/Frameworks/Accelerate.framework/Versions/A/Frameworks/vecLib.framework/Versions/A/libSparse.dylib
0x000000000d3fd000 	/System/Library/PrivateFrameworks/GPUWrangler.framework/Versions/A/GPUWrangler
0x000000000d3fd000 	/System/Library/PrivateFrameworks/IOAccelerator.framework/Versions/A/IOAccelerator
0x000000000d3fd000 	/System/Library/PrivateFrameworks/IOPresentment.framework/Versions/A/IOPresentment
0x000000000d3fd000 	/System/Library/PrivateFrameworks/DSExternalDisplay.framework/Versions/A/DSExternalDisplay
0x000000000d3fd000 	/System/Library/Frameworks/OpenGL.framework/Versions/A/Libraries/libCoreFSCache.dylib
0x000000000d3fd000 	/System/Library/Frameworks/MetalPerformanceShaders.framework/Frameworks/MPSCore.framework/Versions/A/MPSCore
0x000000000d3fd000 	/System/Library/Frameworks/MetalPerformanceShaders.framework/Frameworks/MPSImage.framework/Versions/A/MPSImage
0x000000000d3fd000 	/System/Library/Frameworks/MetalPerformanceShaders.framework/Frameworks/MPSNeuralNetwork.framework/Versions/A/MPSNeuralNetwork
0x000000000d3fd000 	/System/Library/Frameworks/MetalPerformanceShaders.framework/Frameworks/MPSMatrix.framework/Versions/A/MPSMatrix
0x000000000d3fd000 	/System/Library/Frameworks/MetalPerformanceShaders.framework/Frameworks/MPSRayIntersector.framework/Versions/A/MPSRayIntersector
0x000000000d3fd000 	/System/Library/PrivateFrameworks/MetalTools.framework/Versions/A/MetalTools
0x000000000d3fd000 	/System/Library/PrivateFrameworks/AggregateDictionary.framework/Versions/A/AggregateDictionary
0x000000000d3fd000 	/usr/lib/libMobileGestalt.dylib
0x000000000d3fd000 	/System/Library/Frameworks/CoreVideo.framework/Versions/A/CoreVideo
0x000000000d3fd000 	/System/Library/PrivateFrameworks/GraphVisualizer.framework/Versions/A/GraphVisualizer
0x000000000d3fd000 	/System/Library/PrivateFrameworks/FaceCore.framework/Versions/A/FaceCore
0x000000000d3fd000 	/System/Library/Frameworks/OpenCL.framework/Versions/A/OpenCL
0x000000000d3fd000 	/usr/lib/libFosl_dynamic.dylib
0x000000000d3fd000 	/System/Library/PrivateFrameworks/OTSVG.framework/Versions/A/OTSVG
0x000000000d3fd000 	/System/Library/Frameworks/ApplicationServices.framework/Versions/A/Frameworks/ATS.framework/Versions/A/Resources/libFontParser.dylib
0x000000000d3fd000 	/System/Library/Frameworks/ApplicationServices.framework/Versions/A/Frameworks/ATS.framework/Versions/A/Resources/libFontRegistry.dylib
0x000000000d3fd000 	/System/Library/Frameworks/ImageIO.framework/Versions/A/Resources/libJPEG.dylib
0x000000000d3fd000 	/System/Library/Frameworks/ImageIO.framework/Versions/A/Resources/libTIFF.dylib
0x000000000d3fd000 	/System/Library/Frameworks/ImageIO.framework/Versions/A/Resources/libPng.dylib
0x000000000d3fd000 	/System/Library/Frameworks/ImageIO.framework/Versions/A/Resources/libGIF.dylib
0x000000000d3fd000 	/System/Library/Frameworks/ImageIO.framework/Versions/A/Resources/libJP2.dylib
0x000000000d3fd000 	/System/Library/Frameworks/ImageIO.framework/Versions/A/Resources/libRadiance.dylib
0x000000000d3fd000 	/System/Library/PrivateFrameworks/AppleJPEG.framework/Versions/A/AppleJPEG
0x000000000d3fd000 	/System/Library/Frameworks/OpenGL.framework/Versions/A/Libraries/libGFXShared.dylib
0x000000000d3fd000 	/System/Library/Frameworks/OpenGL.framework/Versions/A/Libraries/libGLU.dylib
0x000000000d3fd000 	/System/Library/Frameworks/OpenGL.framework/Versions/A/Libraries/libGL.dylib
0x000000000d3fd000 	/System/Library/Frameworks/OpenGL.framework/Versions/A/Libraries/libGLImage.dylib
0x000000000d3fd000 	/System/Library/Frameworks/OpenGL.framework/Versions/A/Libraries/libCVMSPluginSupport.dylib
0x000000000d3fd000 	/System/Library/Frameworks/OpenGL.framework/Versions/A/Libraries/libCoreVMClient.dylib
0x000000000d3fd000 	/usr/lib/libcups.2.dylib
0x000000000d3fd000 	/System/Library/Frameworks/Kerberos.framework/Versions/A/Kerberos
0x000000000d3fd000 	/System/Library/Frameworks/GSS.framework/Versions/A/GSS
0x000000000d3fd000 	/usr/lib/libresolv.9.dylib
0x000000000d3fd000 	/usr/lib/libiconv.2.dylib
0x000000000d3fd000 	/System/Library/PrivateFrameworks/Heimdal.framework/Versions/A/Heimdal
0x000000000d3fd000 	/usr/lib/libheimdal-asn1.dylib
0x000000000d3fd000 	/System/Library/Frameworks/OpenDirectory.framework/Versions/A/OpenDirectory
0x000000000d3fd000 	/System/Library/PrivateFrameworks/CommonAuth.framework/Versions/A/CommonAuth
0x000000000d3fd000 	/System/Library/Frameworks/OpenDirectory.framework/Versions/A/Frameworks/CFOpenDirectory.framework/Versions/A/CFOpenDirectory
0x000000000d3fd000 	/System/Library/Frameworks/SecurityFoundation.framework/Versions/A/SecurityFoundation
0x000000000d3fd000 	/System/Library/PrivateFrameworks/APFS.framework/Versions/A/APFS
0x000000000d3fd000 	/usr/lib/libutil.dylib
0x000000000d3fd000 	/usr/lib/libcharset.1.dylib
0x000000000d3fd000 	/System/Library/PrivateFrameworks/AppleSauce.framework/Versions/A/AppleSauce
0x000000000d3fd000 	/System/Library/PrivateFrameworks/AssertionServices.framework/Versions/A/AssertionServices
0x000000000d3fd000 	/System/Library/PrivateFrameworks/BaseBoard.framework/Versions/A/BaseBoard
0x000000000d3fd000 	/usr/lib/libmecab.1.0.0.dylib
0x000000000d3fd000 	/usr/lib/libgermantok.dylib
0x000000000d3fd000 	/usr/lib/libThaiTokenizer.dylib
0x000000000d3fd000 	/usr/lib/libChineseTokenizer.dylib
0x000000000d3fd000 	/System/Library/PrivateFrameworks/LanguageModeling.framework/Versions/A/LanguageModeling
0x000000000d3fd000 	/System/Library/PrivateFrameworks/CoreEmoji.framework/Versions/A/CoreEmoji
0x000000000d3fd000 	/System/Library/PrivateFrameworks/Lexicon.framework/Versions/A/Lexicon
0x000000000d3fd000 	/System/Library/PrivateFrameworks/LinguisticData.framework/Versions/A/LinguisticData
0x000000000d3fd000 	/usr/lib/libcmph.dylib
0x000000000d3fd000 	/System/Library/Frameworks/ServiceManagement.framework/Versions/A/ServiceManagement
0x000000000d3fd000 	/System/Library/PrivateFrameworks/BackgroundTaskManagement.framework/Versions/A/BackgroundTaskManagement
0x000000000d3fd000 	/usr/lib/libxslt.1.dylib
0x000000000d3fd000 	/System/Library/Frameworks/Carbon.framework/Versions/A/Frameworks/Ink.framework/Versions/A/Ink
0x000000000d3fd000 	/System/Library/PrivateFrameworks/TextureIO.framework/Versions/A/TextureIO
0x000000000d3fd000 	/usr/lib/libate.dylib
0x000000000d3fd000 	/System/Library/PrivateFrameworks/CrashReporterSupport.framework/Versions/A/CrashReporterSupport
0x000000000d3fd000 	/System/Library/PrivateFrameworks/Sharing.framework/Versions/A/Sharing
0x000000000d3fd000 	/System/Library/PrivateFrameworks/AuthKit.framework/Versions/A/AuthKit
0x000000000d3fd000 	/System/Library/PrivateFrameworks/Apple80211.framework/Versions/A/Apple80211
0x000000000d3fd000 	/System/Library/PrivateFrameworks/CoreUtils.framework/Versions/A/CoreUtils
0x000000000d3fd000 	/System/Library/Frameworks/CoreWLAN.framework/Versions/A/CoreWLAN
0x000000000d3fd000 	/System/Library/Frameworks/IOBluetooth.framework/Versions/A/IOBluetooth
0x000000000d3fd000 	/System/Library/PrivateFrameworks/ProtocolBuffer.framework/Versions/A/ProtocolBuffer
0x000000000d3fd000 	/System/Library/PrivateFrameworks/MobileKeyBag.framework/Versions/A/MobileKeyBag
0x000000000d3fd000 	/System/Library/PrivateFrameworks/CorePhoneNumbers.framework/Versions/A/CorePhoneNumbers
0x000000000d3fd000 	/System/Library/PrivateFrameworks/AppleIDAuthSupport.framework/Versions/A/AppleIDAuthSupport
0x000000000d3fd000 	/System/Library/PrivateFrameworks/KeychainCircle.framework/Versions/A/KeychainCircle
0x000000000d3fd000 	/System/Library/PrivateFrameworks/ROCKit.framework/Versions/A/ROCKit
0x000000000d3fd000 	/System/Library/PrivateFrameworks/CoreWiFi.framework/Versions/A/CoreWiFi
0x000000000d3fd000 	/System/Library/Frameworks/CoreBluetooth.framework/Versions/A/CoreBluetooth
0x000000000d3fd000 	/System/Library/PrivateFrameworks/DebugSymbols.framework/Versions/A/DebugSymbols
0x000000000d3fd000 	/System/Library/PrivateFrameworks/CoreSymbolication.framework/Versions/A/CoreSymbolication
0x000000000d3fd000 	/System/Library/PrivateFrameworks/Symbolication.framework/Versions/A/Symbolication
0x000000000d3fd000 	/System/Library/PrivateFrameworks/SpeechRecognitionCore.framework/Versions/A/SpeechRecognitionCore
0x0000000103c20000 	/Library/Java/JavaVirtualMachines/jdk1.8.0_25.jdk/Contents/Home/jre/lib/server/libjvm.dylib
0x000000000d3fd000 	/usr/lib/libstdc++.6.dylib
0x0000000104b3c000 	/Library/Java/JavaVirtualMachines/jdk1.8.0_25.jdk/Contents/Home/jre/lib/libverify.dylib
0x0000000104b4a000 	/Library/Java/JavaVirtualMachines/jdk1.8.0_25.jdk/Contents/Home/jre/lib/libjava.dylib
0x0000000104bc8000 	/Library/Java/JavaVirtualMachines/jdk1.8.0_25.jdk/Contents/Home/jre/lib/libzip.dylib
0x000000000d3fd000 	/System/Library/Frameworks/JavaVM.framework/Versions/A/Frameworks/JavaRuntimeSupport.framework/Versions/A/JavaRuntimeSupport
0x000000000d3fd000 	/System/Library/Frameworks/JavaVM.framework/Versions/A/Frameworks/JavaNativeFoundation.framework/Versions/A/JavaNativeFoundation
0x000000000d3fd000 	/System/Library/Frameworks/JavaVM.framework/Versions/A/JavaVM
0x000000000d3fd000 	/System/Library/Frameworks/Carbon.framework/Versions/A/Carbon
0x000000000d3fd000 	/System/Library/PrivateFrameworks/JavaLaunching.framework/Versions/A/JavaLaunching
0x000000000d3fd000 	/System/Library/Frameworks/Carbon.framework/Versions/A/Frameworks/CommonPanels.framework/Versions/A/CommonPanels
0x000000000d3fd000 	/System/Library/Frameworks/Carbon.framework/Versions/A/Frameworks/Help.framework/Versions/A/Help
0x000000000d3fd000 	/System/Library/Frameworks/Carbon.framework/Versions/A/Frameworks/ImageCapture.framework/Versions/A/ImageCapture
0x000000000d3fd000 	/System/Library/Frameworks/Carbon.framework/Versions/A/Frameworks/OpenScripting.framework/Versions/A/OpenScripting
0x000000000d3fd000 	/System/Library/Frameworks/Carbon.framework/Versions/A/Frameworks/Print.framework/Versions/A/Print
0x000000000d3fd000 	/System/Library/Frameworks/Carbon.framework/Versions/A/Frameworks/SecurityHI.framework/Versions/A/SecurityHI
0x0000000119591000 	/Library/Java/JavaVirtualMachines/jdk1.8.0_25.jdk/Contents/Home/jre/lib/libnet.dylib
0x00000001195a8000 	/Library/Java/JavaVirtualMachines/jdk1.8.0_25.jdk/Contents/Home/jre/lib/libnio.dylib
0x0000000119103000 	/Users/andyylam/.gradle/native/25/osx-amd64/libnative-platform.dylib
0x0000000119a21000 	/Library/Java/JavaVirtualMachines/jdk1.8.0_25.jdk/Contents/Home/jre/lib/libmanagement.dylib
0x000000011a27b000 	/Library/Java/JavaVirtualMachines/jdk1.8.0_25.jdk/Contents/Home/jre/lib/libsunec.dylib

VM Arguments:
jvm_args: -XX:MaxMetaspaceSize=256m -XX:+HeapDumpOnOutOfMemoryError -Xmx512m -Dfile.encoding=UTF-8 -Duser.country=GB -Duser.language=en -Duser.variant 
java_command: org.gradle.launcher.daemon.bootstrap.GradleDaemon 5.1.1
java_class_path (initial): /Users/andyylam/.gradle/wrapper/dists/gradle-5.1.1-all/97z1ksx6lirer3kbvdnh7jtjg/gradle-5.1.1/lib/gradle-launcher-5.1.1.jar
Launcher Type: SUN_STANDARD

Environment Variables:
PATH=/usr/local/bin:/usr/bin:/bin:/usr/sbin:/sbin:/opt/X11/bin:/Users/andyylam/Library/Android/sdk/emulator:/Users/andyylam/Library/Android/sdk/tools:/Users/andyylam/Library/Android/sdk/tools/bin:/Users/andyylam/Library/Android/sdk/platform-tools:/Users/andyylam/Library/Android/sdk/emulator:/Users/andyylam/Library/Android/sdk/tools:/Users/andyylam/Library/Android/sdk/tools/bin:/Users/andyylam/Library/Android/sdk/platform-tools
SHELL=/bin/bash
DISPLAY=/private/tmp/com.apple.launchd.AaMHcNXmKX/org.macosforge.xquartz:0

Signal Handlers:
SIGSEGV: [libjvm.dylib+0x579dc7], sa_mask[0]=11111111011111110111111111111111, sa_flags=SA_ONSTACK|SA_RESTART|SA_SIGINFO
SIGBUS: [libjvm.dylib+0x579dc7], sa_mask[0]=11111111011111110111111111111111, sa_flags=SA_RESTART|SA_SIGINFO
SIGFPE: [libjvm.dylib+0x45b030], sa_mask[0]=11111111011111110111111111111111, sa_flags=SA_RESTART|SA_SIGINFO
SIGPIPE: [libjvm.dylib+0x45b030], sa_mask[0]=11111111011111110111111111111111, sa_flags=SA_RESTART|SA_SIGINFO
SIGXFSZ: [libjvm.dylib+0x45b030], sa_mask[0]=11111111011111110111111111111111, sa_flags=SA_RESTART|SA_SIGINFO
SIGILL: [libjvm.dylib+0x45b030], sa_mask[0]=11111111011111110111111111111111, sa_flags=SA_RESTART|SA_SIGINFO
SIGUSR1: SIG_DFL, sa_mask[0]=00000000000000000000000000000000, sa_flags=SA_RESTART
SIGUSR2: [libjvm.dylib+0x45ab4e], sa_mask[0]=00100000000000000000000000000000, sa_flags=SA_RESTART|SA_SIGINFO
SIGHUP: [libjvm.dylib+0x459121], sa_mask[0]=11111111011111110111111111111111, sa_flags=SA_RESTART|SA_SIGINFO
SIGINT: [libjvm.dylib+0x459121], sa_mask[0]=11111111011111110111111111111111, sa_flags=SA_RESTART|SA_SIGINFO
SIGTERM: [libjvm.dylib+0x459121], sa_mask[0]=11111111011111110111111111111111, sa_flags=SA_RESTART|SA_SIGINFO
SIGQUIT: [libjvm.dylib+0x459121], sa_mask[0]=11111111011111110111111111111111, sa_flags=SA_RESTART|SA_SIGINFO


---------------  S Y S T E M  ---------------

OS:Bsduname:Darwin 18.6.0 Darwin Kernel Version 18.6.0: Thu Apr 25 23:16:27 PDT 2019; root:xnu-4903.261.4~2/RELEASE_X86_64 x86_64
rlimit: STACK 8192k, CORE 0k, NPROC 709, NOFILE 10240, AS infinity
load average:2.44 2.01 1.90

CPU:total 4 (2 cores per cpu, 2 threads per core) family 6 model 69 stepping 1, cmov, cx8, fxsr, mmx, sse, sse2, sse3, ssse3, sse4.1, sse4.2, popcnt, avx, avx2, aes, clmul, erms, lzcnt, ht, tsc, tscinvbit, bmi1, bmi2

Memory: 4k page, physical 8388608k(37552k free)

/proc/meminfo:


vm_info: Java HotSpot(TM) 64-Bit Server VM (25.25-b02) for bsd-amd64 JRE (1.8.0_25-b17), built on Sep 17 2014 16:56:50 by "java_re" with gcc 4.2.1 (Based on Apple Inc. build 5658) (LLVM build 2336.11.00)

time: Wed Jul 17 00:41:11 2019
elapsed time: 7963 seconds (0d 2h 12m 43s)

